[0.005s] Invoking command in '/home/nyu6a/ur_ws/build/ur_simulation_gazebo': CMAKE_PREFIX_PATH=/home/nyu6a/ur_ws/install/ur_description:/home/nyu6a/ur_ws/install/ur_simulation_gazebo:/opt/ros/humble /usr/bin/cmake /home/nyu6a/ur_ws/src/Universal_Robots_ROS2_Gazebo_Simulation/ur_simulation_gazebo -DAMENT_CMAKE_SYMLINK_INSTALL=1 -DCMAKE_INSTALL_PREFIX=/home/nyu6a/ur_ws/install/ur_simulation_gazebo
[0.014s] -- Found ament_cmake: 1.3.11 (/opt/ros/humble/share/ament_cmake/cmake)
[0.095s] -- Override CMake install command with custom implementation using symlinks instead of copying resources
[0.097s] -- Found launch_testing_ament_cmake: 1.0.8 (/opt/ros/humble/share/launch_testing_ament_cmake/cmake)
[0.097s] -- Found python_cmake_module: 0.10.0 (/opt/ros/humble/share/python_cmake_module/cmake)
[0.110s] -- Using PYTHON_EXECUTABLE: /usr/bin/python3
[0.110s] -- Using PYTHON_INCLUDE_DIRS: /usr/include/python3.10
[0.110s] -- Using PYTHON_LIBRARIES: /usr/lib/x86_64-linux-gnu/libpython3.10.so
[0.111s] -- Found ament_cmake_pytest: 1.3.11 (/opt/ros/humble/share/ament_cmake_pytest/cmake)
[0.143s] -- Configuring done
[0.144s] -- Generating done
[0.145s] -- Build files have been written to: /home/nyu6a/ur_ws/build/ur_simulation_gazebo
[0.148s] Invoked command in '/home/nyu6a/ur_ws/build/ur_simulation_gazebo' returned '0': CMAKE_PREFIX_PATH=/home/nyu6a/ur_ws/install/ur_description:/home/nyu6a/ur_ws/install/ur_simulation_gazebo:/opt/ros/humble /usr/bin/cmake /home/nyu6a/ur_ws/src/Universal_Robots_ROS2_Gazebo_Simulation/ur_simulation_gazebo -DAMENT_CMAKE_SYMLINK_INSTALL=1 -DCMAKE_INSTALL_PREFIX=/home/nyu6a/ur_ws/install/ur_simulation_gazebo
[0.148s] Invoking command in '/home/nyu6a/ur_ws/build/ur_simulation_gazebo': CMAKE_PREFIX_PATH=/home/nyu6a/ur_ws/install/ur_description:/home/nyu6a/ur_ws/install/ur_simulation_gazebo:/opt/ros/humble /usr/bin/cmake --build /home/nyu6a/ur_ws/build/ur_simulation_gazebo -- -j32 -l32
[0.181s] Invoked command in '/home/nyu6a/ur_ws/build/ur_simulation_gazebo' returned '0': CMAKE_PREFIX_PATH=/home/nyu6a/ur_ws/install/ur_description:/home/nyu6a/ur_ws/install/ur_simulation_gazebo:/opt/ros/humble /usr/bin/cmake --build /home/nyu6a/ur_ws/build/ur_simulation_gazebo -- -j32 -l32
[0.182s] Invoking command in '/home/nyu6a/ur_ws/build/ur_simulation_gazebo': CMAKE_PREFIX_PATH=/home/nyu6a/ur_ws/install/ur_description:/home/nyu6a/ur_ws/install/ur_simulation_gazebo:/opt/ros/humble /usr/bin/cmake --install /home/nyu6a/ur_ws/build/ur_simulation_gazebo
[0.188s] -- Install configuration: ""
[0.188s] -- Execute custom install script
[0.189s] -- Symlinking: /home/nyu6a/ur_ws/install/ur_simulation_gazebo/share/ur_simulation_gazebo/config/ur_controllers.yaml
[0.198s] -- Symlinking: /home/nyu6a/ur_ws/install/ur_simulation_gazebo/share/ur_simulation_gazebo/launch/ur_sim_control.launch.py
[0.207s] -- Symlinking: /home/nyu6a/ur_ws/install/ur_simulation_gazebo/share/ur_simulation_gazebo/launch/ur_sim_moveit.launch.py
[0.215s] -- Symlinking: /home/nyu6a/ur_ws/install/ur_simulation_gazebo/share/ament_index/resource_index/package_run_dependencies/ur_simulation_gazebo
[0.221s] -- Symlinking: /home/nyu6a/ur_ws/install/ur_simulation_gazebo/share/ament_index/resource_index/parent_prefix_path/ur_simulation_gazebo
[0.226s] -- Symlinking: /home/nyu6a/ur_ws/install/ur_simulation_gazebo/share/ur_simulation_gazebo/environment/ament_prefix_path.sh
[0.233s] -- Symlinking: /home/nyu6a/ur_ws/install/ur_simulation_gazebo/share/ur_simulation_gazebo/environment/ament_prefix_path.dsv
[0.238s] -- Symlinking: /home/nyu6a/ur_ws/install/ur_simulation_gazebo/share/ur_simulation_gazebo/environment/path.sh
[0.244s] -- Symlinking: /home/nyu6a/ur_ws/install/ur_simulation_gazebo/share/ur_simulation_gazebo/environment/path.dsv
[0.249s] -- Symlinking: /home/nyu6a/ur_ws/install/ur_simulation_gazebo/share/ur_simulation_gazebo/local_setup.bash
[0.255s] -- Symlinking: /home/nyu6a/ur_ws/install/ur_simulation_gazebo/share/ur_simulation_gazebo/local_setup.sh
[0.263s] -- Symlinking: /home/nyu6a/ur_ws/install/ur_simulation_gazebo/share/ur_simulation_gazebo/local_setup.zsh
[0.270s] -- Symlinking: /home/nyu6a/ur_ws/install/ur_simulation_gazebo/share/ur_simulation_gazebo/local_setup.dsv
[0.278s] -- Symlinking: /home/nyu6a/ur_ws/install/ur_simulation_gazebo/share/ur_simulation_gazebo/package.dsv
[0.287s] -- Symlinking: /home/nyu6a/ur_ws/install/ur_simulation_gazebo/share/ament_index/resource_index/packages/ur_simulation_gazebo
[0.295s] -- Symlinking: /home/nyu6a/ur_ws/install/ur_simulation_gazebo/share/ur_simulation_gazebo/cmake/ur_simulation_gazeboConfig.cmake
[0.304s] -- Symlinking: /home/nyu6a/ur_ws/install/ur_simulation_gazebo/share/ur_simulation_gazebo/cmake/ur_simulation_gazeboConfig-version.cmake
[0.313s] -- Symlinking: /home/nyu6a/ur_ws/install/ur_simulation_gazebo/share/ur_simulation_gazebo/package.xml
[0.322s] Invoked command in '/home/nyu6a/ur_ws/build/ur_simulation_gazebo' returned '0': CMAKE_PREFIX_PATH=/home/nyu6a/ur_ws/install/ur_description:/home/nyu6a/ur_ws/install/ur_simulation_gazebo:/opt/ros/humble /usr/bin/cmake --install /home/nyu6a/ur_ws/build/ur_simulation_gazebo
