[0.007s] Invoking command in '/home/nyu6a/ur_ws/build/ur_simulation_gazebo': CMAKE_PREFIX_PATH=/home/nyu6a/ur_ws/install/ur_description:/home/nyu6a/ur_ws/install/ur_simulation_gazebo:/opt/ros/humble CONDA_PROMPT_MODIFIER=(base) /usr/bin/cmake --build /home/nyu6a/ur_ws/build/ur_simulation_gazebo -- -j32 -l32
[0.044s] Invoked command in '/home/nyu6a/ur_ws/build/ur_simulation_gazebo' returned '0': CMAKE_PREFIX_PATH=/home/nyu6a/ur_ws/install/ur_description:/home/nyu6a/ur_ws/install/ur_simulation_gazebo:/opt/ros/humble CONDA_PROMPT_MODIFIER=(base) /usr/bin/cmake --build /home/nyu6a/ur_ws/build/ur_simulation_gazebo -- -j32 -l32
[0.045s] Invoking command in '/home/nyu6a/ur_ws/build/ur_simulation_gazebo': CMAKE_PREFIX_PATH=/home/nyu6a/ur_ws/install/ur_description:/home/nyu6a/ur_ws/install/ur_simulation_gazebo:/opt/ros/humble CONDA_PROMPT_MODIFIER=(base) /usr/bin/cmake --install /home/nyu6a/ur_ws/build/ur_simulation_gazebo
[0.053s] -- Install configuration: ""
[0.053s] -- Up-to-date: /home/nyu6a/ur_ws/install/ur_simulation_gazebo/share/ur_simulation_gazebo/config
[0.053s] -- Up-to-date: /home/nyu6a/ur_ws/install/ur_simulation_gazebo/share/ur_simulation_gazebo/config/ur_controllers.yaml
[0.053s] -- Up-to-date: /home/nyu6a/ur_ws/install/ur_simulation_gazebo/share/ur_simulation_gazebo/launch
[0.053s] -- Up-to-date: /home/nyu6a/ur_ws/install/ur_simulation_gazebo/share/ur_simulation_gazebo/launch/ur_sim_control.launch.py
[0.053s] -- Up-to-date: /home/nyu6a/ur_ws/install/ur_simulation_gazebo/share/ur_simulation_gazebo/launch/ur_sim_moveit.launch.py
[0.053s] -- Up-to-date: /home/nyu6a/ur_ws/install/ur_simulation_gazebo/share/ament_index/resource_index/package_run_dependencies/ur_simulation_gazebo
[0.053s] -- Up-to-date: /home/nyu6a/ur_ws/install/ur_simulation_gazebo/share/ament_index/resource_index/parent_prefix_path/ur_simulation_gazebo
[0.054s] -- Up-to-date: /home/nyu6a/ur_ws/install/ur_simulation_gazebo/share/ur_simulation_gazebo/environment/ament_prefix_path.sh
[0.054s] -- Up-to-date: /home/nyu6a/ur_ws/install/ur_simulation_gazebo/share/ur_simulation_gazebo/environment/ament_prefix_path.dsv
[0.054s] -- Up-to-date: /home/nyu6a/ur_ws/install/ur_simulation_gazebo/share/ur_simulation_gazebo/environment/path.sh
[0.054s] -- Up-to-date: /home/nyu6a/ur_ws/install/ur_simulation_gazebo/share/ur_simulation_gazebo/environment/path.dsv
[0.054s] -- Up-to-date: /home/nyu6a/ur_ws/install/ur_simulation_gazebo/share/ur_simulation_gazebo/local_setup.bash
[0.054s] -- Up-to-date: /home/nyu6a/ur_ws/install/ur_simulation_gazebo/share/ur_simulation_gazebo/local_setup.sh
[0.054s] -- Up-to-date: /home/nyu6a/ur_ws/install/ur_simulation_gazebo/share/ur_simulation_gazebo/local_setup.zsh
[0.054s] -- Up-to-date: /home/nyu6a/ur_ws/install/ur_simulation_gazebo/share/ur_simulation_gazebo/local_setup.dsv
[0.054s] -- Up-to-date: /home/nyu6a/ur_ws/install/ur_simulation_gazebo/share/ur_simulation_gazebo/package.dsv
[0.054s] -- Up-to-date: /home/nyu6a/ur_ws/install/ur_simulation_gazebo/share/ament_index/resource_index/packages/ur_simulation_gazebo
[0.054s] -- Up-to-date: /home/nyu6a/ur_ws/install/ur_simulation_gazebo/share/ur_simulation_gazebo/cmake/ur_simulation_gazeboConfig.cmake
[0.054s] -- Up-to-date: /home/nyu6a/ur_ws/install/ur_simulation_gazebo/share/ur_simulation_gazebo/cmake/ur_simulation_gazeboConfig-version.cmake
[0.054s] -- Up-to-date: /home/nyu6a/ur_ws/install/ur_simulation_gazebo/share/ur_simulation_gazebo/package.xml
[0.056s] Invoked command in '/home/nyu6a/ur_ws/build/ur_simulation_gazebo' returned '0': CMAKE_PREFIX_PATH=/home/nyu6a/ur_ws/install/ur_description:/home/nyu6a/ur_ws/install/ur_simulation_gazebo:/opt/ros/humble CONDA_PROMPT_MODIFIER=(base) /usr/bin/cmake --install /home/nyu6a/ur_ws/build/ur_simulation_gazebo
